<?xml version="1.0" encoding="UTF-8"?>
<!-- Generated by org.testng.reporters.JUnitReportReporter -->
<testsuite hostname="GOL012019" name="com.testclasses.FAD_Page_Testing" tests="1" failures="0" timestamp="28 May 2021 03:55:00 GMT" time="28.631" errors="0">
  <testcase name="VerifyVIPProfiles" time="28.631" classname="com.testclasses.FAD_Page_Testing"/>
</testsuite> <!-- com.testclasses.FAD_Page_Testing -->
